{"contracts/BasicDutchAuction.sol":{"l":{"17":6,"18":6,"19":6,"20":6,"21":6,"22":6,"23":6,"28":7,"29":4,"30":3,"35":3,"36":3},"path":"/Users/dheeraj/INFO-7500/DutchAuction/v1.0/contracts/BasicDutchAuction.sol","s":{"1":7,"2":4,"3":3,"4":3},"b":{"1":[4,3],"2":[3,1]},"f":{"1":6,"2":7,"3":3},"fnMap":{"1":{"name":"constructor","line":15,"loc":{"start":{"line":15,"column":4},"end":{"line":24,"column":4}}},"2":{"name":"bid","line":26,"loc":{"start":{"line":26,"column":4},"end":{"line":31,"column":4}}},"3":{"name":"finalize","line":33,"loc":{"start":{"line":33,"column":4},"end":{"line":37,"column":4}}}},"statementMap":{"1":{"start":{"line":28,"column":8},"end":{"line":28,"column":128}},"2":{"start":{"line":29,"column":8},"end":{"line":29,"column":184}},"3":{"start":{"line":30,"column":8},"end":{"line":30,"column":17}},"4":{"start":{"line":35,"column":8},"end":{"line":35,"column":40}}},"branchMap":{"1":{"line":28,"type":"if","locations":[{"start":{"line":28,"column":8},"end":{"line":28,"column":8}},{"start":{"line":28,"column":8},"end":{"line":28,"column":8}}]},"2":{"line":29,"type":"if","locations":[{"start":{"line":29,"column":8},"end":{"line":29,"column":8}},{"start":{"line":29,"column":8},"end":{"line":29,"column":8}}]}}}}