{
"contracts/NFT.sol":{"l":{"15":1,"17":1,"18":1},"path":"/Users/dheeraj/INFO-7500/DutchAuction/v2.0/contracts/NFT.sol","s":{"1":1,"2":1,"3":1},"b":{},"f":{"1":3,"2":1},"fnMap":{"1":{"name":"constructor","line":11,"loc":{"start":{"line":11,"column":4},"end":{"line":11,"column":53}}},"2":{"name":"mintNFT","line":13,"loc":{"start":{"line":13,"column":4},"end":{"line":19,"column":4}}}},"statementMap":{"1":{"start":{"line":15,"column":8},"end":{"line":15,"column":27}},"2":{"start":{"line":17,"column":8},"end":{"line":17,"column":41}},"3":{"start":{"line":18,"column":8},"end":{"line":18,"column":36}}},"branchMap":{}},
"contracts/NFTDutchAuction.sol":{"l":{"23":3,"24":3,"25":3,"26":3,"27":3,"32":10,"33":10,"34":10,"35":9,"36":9,"37":9,"38":9,"43":8,"44":8,"45":5,"46":4,"51":4,"52":4,"53":4,"58":2,"59":1,"60":1,"61":1,"62":1,"67":9},"path":"/Users/dheeraj/INFO-7500/DutchAuction/v2.0/contracts/NFTDutchAuction.sol","s":{"1":10,"2":9,"3":8,"4":8,"5":5,"6":4,"7":4,"8":4,"9":2,"10":1,"11":1,"12":1,"13":9},"b":{"1":[9,1],"2":[8,0],"3":[5,3],"4":[4,1],"5":[1,1],"6":[1,0],"7":[1,0]},"f":{"1":3,"2":10,"3":8,"4":4,"5":2,"6":9},"fnMap":{"1":{"name":"constructor","line":21,"loc":{"start":{"line":21,"column":4},"end":{"line":28,"column":4}}},"2":{"name":"escrowNFT","line":30,"loc":{"start":{"line":30,"column":4},"end":{"line":39,"column":4}}},"3":{"name":"bid","line":41,"loc":{"start":{"line":41,"column":4},"end":{"line":47,"column":4}}},"4":{"name":"finalize","line":49,"loc":{"start":{"line":49,"column":4},"end":{"line":54,"column":4}}},"5":{"name":"endAuction","line":56,"loc":{"start":{"line":56,"column":4},"end":{"line":63,"column":4}}},"6":{"name":"onERC721Received","line":65,"loc":{"start":{"line":65,"column":4},"end":{"line":68,"column":4}}}},"statementMap":{"1":{"start":{"line":34,"column":8},"end":{"line":34,"column":103}},"2":{"start":{"line":35,"column":8},"end":{"line":35,"column":68}},"3":{"start":{"line":43,"column":8},"end":{"line":43,"column":67}},"4":{"start":{"line":44,"column":8},"end":{"line":44,"column":128}},"5":{"start":{"line":45,"column":8},"end":{"line":45,"column":184}},"6":{"start":{"line":46,"column":8},"end":{"line":46,"column":17}},"7":{"start":{"line":51,"column":8},"end":{"line":51,"column":40}},"8":{"start":{"line":52,"column":8},"end":{"line":52,"column":61}},"9":{"start":{"line":58,"column":8},"end":{"line":58,"column":110}},"10":{"start":{"line":59,"column":8},"end":{"line":59,"column":95}},"11":{"start":{"line":60,"column":8},"end":{"line":60,"column":100}},"12":{"start":{"line":62,"column":8},"end":{"line":62,"column":64}},"13":{"start":{"line":67,"column":8},"end":{"line":67,"column":56}}},"branchMap":{"1":{"line":34,"type":"if","locations":[{"start":{"line":34,"column":8},"end":{"line":34,"column":8}},{"start":{"line":34,"column":8},"end":{"line":34,"column":8}}]},"2":{"line":43,"type":"if","locations":[{"start":{"line":43,"column":8},"end":{"line":43,"column":8}},{"start":{"line":43,"column":8},"end":{"line":43,"column":8}}]},"3":{"line":44,"type":"if","locations":[{"start":{"line":44,"column":8},"end":{"line":44,"column":8}},{"start":{"line":44,"column":8},"end":{"line":44,"column":8}}]},"4":{"line":45,"type":"if","locations":[{"start":{"line":45,"column":8},"end":{"line":45,"column":8}},{"start":{"line":45,"column":8},"end":{"line":45,"column":8}}]},"5":{"line":58,"type":"if","locations":[{"start":{"line":58,"column":8},"end":{"line":58,"column":8}},{"start":{"line":58,"column":8},"end":{"line":58,"column":8}}]},"6":{"line":59,"type":"if","locations":[{"start":{"line":59,"column":8},"end":{"line":59,"column":8}},{"start":{"line":59,"column":8},"end":{"line":59,"column":8}}]},"7":{"line":60,"type":"if","locations":[{"start":{"line":60,"column":8},"end":{"line":60,"column":8}},{"start":{"line":60,"column":8},"end":{"line":60,"column":8}}]}}}}
