TN:
SF:/Users/dheeraj/INFO-7500/DutchAuction/v2.0/contracts/NFT.sol
FN:11,constructor
FN:13,mintNFT
FNF:2
FNH:2
FNDA:3,constructor
FNDA:1,mintNFT
DA:15,1
DA:17,1
DA:18,1
LF:3
LH:3
BRF:0
BRH:0
end_of_record
TN:
SF:/Users/dheeraj/INFO-7500/DutchAuction/v2.0/contracts/NFTDutchAuction.sol
FN:21,constructor
FN:30,escrowNFT
FN:41,bid
FN:49,finalize
FN:56,endAuction
FN:65,onERC721Received
FNF:6
FNH:6
FNDA:3,constructor
FNDA:10,escrowNFT
FNDA:8,bid
FNDA:4,finalize
FNDA:2,endAuction
FNDA:9,onERC721Received
DA:23,3
DA:24,3
DA:25,3
DA:26,3
DA:27,3
DA:32,10
DA:33,10
DA:34,10
DA:35,9
DA:36,9
DA:37,9
DA:38,9
DA:43,8
DA:44,8
DA:45,5
DA:46,4
DA:51,4
DA:52,4
DA:53,4
DA:58,2
DA:59,1
DA:60,1
DA:61,1
DA:62,1
DA:67,9
LF:25
LH:25
BRDA:34,1,0,9
BRDA:34,1,1,1
BRDA:43,2,0,8
BRDA:43,2,1,0
BRDA:44,3,0,5
BRDA:44,3,1,3
BRDA:45,4,0,4
BRDA:45,4,1,1
BRDA:58,5,0,1
BRDA:58,5,1,1
BRDA:59,6,0,1
BRDA:59,6,1,0
BRDA:60,7,0,1
BRDA:60,7,1,0
BRF:14
BRH:11
end_of_record
